<?xml version="1.0" encoding="UTF-8"?>
<testng-results skipped="0" failed="0" ignored="0" total="1" passed="1">
  <reporter-output>
    <line>
      <![CDATA[Purchase Action is successfully perfomred]]>
    </line>
  </reporter-output>
  <suite name="Default suite" duration-ms="17569" started-at="2017-01-22T18:20:49Z" finished-at="2017-01-22T18:21:06Z">
    <groups>
    </groups>
    <test name="Default test" duration-ms="17569" started-at="2017-01-22T18:20:49Z" finished-at="2017-01-22T18:21:06Z">
      <class name="testCases.Purchase">
        <test-method status="PASS" signature="beforeMethod()[pri:0, instance:testCases.Purchase@1e88b3c]" name="beforeMethod" is-config="true" duration-ms="3839" started-at="2017-01-23T01:20:49Z" finished-at="2017-01-23T01:20:53Z">
          <reporter-output>
          </reporter-output>
        </test-method> <!-- beforeMethod -->
        <test-method status="PASS" signature="main()[pri:0, instance:testCases.Purchase@1e88b3c]" name="main" duration-ms="11406" started-at="2017-01-23T01:20:53Z" finished-at="2017-01-23T01:21:04Z">
          <reporter-output>
            <line>
              <![CDATA[Purchase Action is successfully perfomred]]>
            </line>
          </reporter-output>
        </test-method> <!-- main -->
        <test-method status="PASS" signature="afterMethod()[pri:0, instance:testCases.Purchase@1e88b3c]" name="afterMethod" is-config="true" duration-ms="2307" started-at="2017-01-23T01:21:04Z" finished-at="2017-01-23T01:21:06Z">
          <reporter-output>
          </reporter-output>
        </test-method> <!-- afterMethod -->
      </class> <!-- testCases.Purchase -->
    </test> <!-- Default test -->
  </suite> <!-- Default suite -->
</testng-results>
